#
# There is insufficient memory for the Java Runtime Environment to continue.
# Native memory allocation (malloc) failed to allocate 1048576 bytes. Error detail: AllocateHeap
# Possible reasons:
#   The system is out of physical RAM or swap space
#   This process is running with CompressedOops enabled, and the Java Heap may be blocking the growth of the native heap
# Possible solutions:
#   Reduce memory load on the system
#   Increase physical memory or swap space
#   Check if swap backing store is full
#   Decrease Java heap size (-Xmx/-Xms)
#   Decrease number of Java threads
#   Decrease Java thread stack sizes (-Xss)
#   Set larger code cache with -XX:ReservedCodeCacheSize=
#   JVM is running with Zero Based Compressed Oops mode in which the Java heap is
#     placed in the first 32GB address space. The Java Heap base address is the
#     maximum limit for the native heap growth. Please use -XX:HeapBaseMinAddress
#     to set the Java Heap base and to place the Java Heap above 32GB virtual address.
# This output file may be truncated or incomplete.
#
#  Out of Memory Error (allocation.cpp:44), pid=35624, tid=36300
#
# JRE version:  (21.0.9+10) (build )
# Java VM: OpenJDK 64-Bit Server VM (21.0.9+10-LTS, mixed mode, sharing, tiered, compressed oops, compressed class ptrs, g1 gc, windows-amd64)
# No core dump will be written. Minidumps are not enabled by default on client versions of Windows
#

---------------  S U M M A R Y ------------

Command Line: --enable-native-access=ALL-UNNAMED 

Host: Intel(R) Core(TM) i5-9300H CPU @ 2.40GHz, 8 cores, 15G,  Windows 11 , 64 bit Build 26100 (10.0.26100.7623)
Time: Thu Jan 22 06:35:40 2026 elapsed time: 1.276069 seconds (0d 0h 0m 1s)

---------------  T H R E A D  ---------------

Current thread (0x000001af8a955360):  JavaThread "Unknown thread" [_thread_in_vm, id=36300, stack(0x0000002029600000,0x0000002029700000) (1024K)]

Stack: [0x0000002029600000,0x0000002029700000]
Native frames: (J=compiled Java code, j=interpreted, Vv=VM code, C=native code)
V  [jvm.dll+0x6df259]  (no source info available)
V  [jvm.dll+0x8bfe4b]  (no source info available)
V  [jvm.dll+0x8c23da]  (no source info available)
V  [jvm.dll+0x8c2ab3]  (no source info available)
V  [jvm.dll+0x28a416]  (no source info available)
V  [jvm.dll+0xc3c07]  (no source info available)
V  [jvm.dll+0x343605]  (no source info available)
V  [jvm.dll+0x33b802]  (no source info available)
V  [jvm.dll+0x88976e]  (no source info available)
V  [jvm.dll+0x3cdbf1]  (no source info available)
V  [jvm.dll+0x87267c]  (no source info available)
V  [jvm.dll+0x461751]  (no source info available)
V  [jvm.dll+0x463391]  (no source info available)
C  [jli.dll+0x52f0]  (no source info available)
C  [ucrtbase.dll+0x37b0]  (no source info available)
C  [KERNEL32.DLL+0x2e8d7]  (no source info available)
C  [ntdll.dll+0x8c53c]  (no source info available)


---------------  P R O C E S S  ---------------

Threads class SMR info:
_java_thread_list=0x00007ffd989b7288, length=0, elements={
}

Java Threads: ( => current thread )
Total: 0

Other Threads:
  0x000001af8cbf0d40 WorkerThread "GC Thread#0"                     [id=22668, stack(0x0000002029700000,0x0000002029800000) (1024K)]

[error occurred during error reporting (printing all threads), id 0xc0000005, EXCEPTION_ACCESS_VIOLATION (0xc0000005) at pc=0x00007ffd980a8150]
VM state: not at safepoint (not fully initialized)

VM Mutex/Monitor currently owned by a thread:  ([mutex/lock_event])
[0x00007ffd98a2b9b0] Heap_lock - owner thread: 0x000001af8a955360

Heap address: 0x0000000701e00000, size: 4066 MB, Compressed Oops mode: Zero based, Oop shift amount: 3

CDS archive(s) mapped at: [0x0000000000000000-0x0000000000000000-0x0000000000000000), size 0, SharedBaseAddress: 0x0000000800000000, ArchiveRelocationMode: 1.
Narrow klass base: 0x0000000000000000, Narrow klass shift: 0, Narrow klass range: 0x0

GC Precious Log:
 CardTable entry size: 512
 Card Set container configuration: InlinePtr #cards 4 size 8 Array Of Cards #cards 16 size 48 Howl #buckets 8 coarsen threshold 3686 Howl Bitmap #cards 512 size 80 coarsen threshold 460 Card regions per heap region 1 cards per card region 4096

Heap:
 garbage-first heap   total 0K, used 0K [0x0000000701e00000, 0x0000000800000000)
  region size 2048K, 0 young (0K), 0 survivors (0K)

[error occurred during error reporting (printing heap information), id 0xc0000005, EXCEPTION_ACCESS_VIOLATION (0xc0000005) at pc=0x00007ffd9849c219]
GC Heap History (0 events):
No events

Dll operation events (1 events):
Event: 0.008 Loaded shared library C:\Program Files\Microsoft\jdk-21.0.9.10-hotspot\bin\java.dll

Deoptimization events (0 events):
No events

Classes loaded (0 events):
No events

Classes unloaded (0 events):
No events

Classes redefined (0 events):
No events

Internal exceptions (0 events):
No events

ZGC Phase Switch (0 events):
No events

VM Operations (0 events):
No events

Memory protections (0 events):
No events

Nmethod flushes (0 events):
No events

Events (0 events):
No events


Dynamic libraries:
0x00007ff7af010000 - 0x00007ff7af01e000 	C:\Program Files\Microsoft\jdk-21.0.9.10-hotspot\bin\java.exe
0x00007ffe34580000 - 0x00007ffe347e7000 	C:\Windows\SYSTEM32\ntdll.dll
0x00007ffe331e0000 - 0x00007ffe332a9000 	C:\Windows\System32\KERNEL32.DLL
0x00007ffe31960000 - 0x00007ffe31d4f000 	C:\Windows\System32\KERNELBASE.dll
0x00007ffe31780000 - 0x00007ffe318cb000 	C:\Windows\System32\ucrtbase.dll
0x00007ffe29f40000 - 0x00007ffe29f58000 	C:\Program Files\Microsoft\jdk-21.0.9.10-hotspot\bin\jli.dll
0x00007ffe29f60000 - 0x00007ffe29f7e000 	C:\Program Files\Microsoft\jdk-21.0.9.10-hotspot\bin\VCRUNTIME140.dll
0x00007ffe33000000 - 0x00007ffe331c5000 	C:\Windows\System32\USER32.dll
0x00007ffe31e10000 - 0x00007ffe31e37000 	C:\Windows\System32\win32u.dll
0x00007ffe34310000 - 0x00007ffe3433b000 	C:\Windows\System32\GDI32.dll
0x00007ffe0a6d0000 - 0x00007ffe0a963000 	C:\Windows\WinSxS\amd64_microsoft.windows.common-controls_6595b64144ccf1df_6.0.26100.7309_none_3e05feeae336a044\COMCTL32.dll
0x00007ffe32080000 - 0x00007ffe321ac000 	C:\Windows\System32\gdi32full.dll
0x00007ffe33c80000 - 0x00007ffe33d29000 	C:\Windows\System32\msvcrt.dll
0x00007ffe316d0000 - 0x00007ffe31773000 	C:\Windows\System32\msvcp_win.dll
0x00007ffe340a0000 - 0x00007ffe340d1000 	C:\Windows\System32\IMM32.DLL
0x00007ffe2c2e0000 - 0x00007ffe2c2ec000 	C:\Program Files\Microsoft\jdk-21.0.9.10-hotspot\bin\vcruntime140_1.dll
0x00007ffe194a0000 - 0x00007ffe19529000 	C:\Program Files\Microsoft\jdk-21.0.9.10-hotspot\bin\msvcp140.dll
0x00007ffd97d60000 - 0x00007ffd98b0d000 	C:\Program Files\Microsoft\jdk-21.0.9.10-hotspot\bin\server\jvm.dll
0x00007ffe34250000 - 0x00007ffe34304000 	C:\Windows\System32\ADVAPI32.dll
0x00007ffe326b0000 - 0x00007ffe32756000 	C:\Windows\System32\sechost.dll
0x00007ffe33ae0000 - 0x00007ffe33bf8000 	C:\Windows\System32\RPCRT4.dll
0x00007ffe32760000 - 0x00007ffe327d4000 	C:\Windows\System32\WS2_32.dll
0x00007ffe31530000 - 0x00007ffe3158e000 	C:\Windows\SYSTEM32\POWRPROF.dll
0x00007ffe23810000 - 0x00007ffe23845000 	C:\Windows\SYSTEM32\WINMM.dll
0x00007ffe291d0000 - 0x00007ffe291db000 	C:\Windows\SYSTEM32\VERSION.dll
0x00007ffe31510000 - 0x00007ffe31524000 	C:\Windows\SYSTEM32\UMPDC.dll
0x00007ffe30480000 - 0x00007ffe3049b000 	C:\Windows\SYSTEM32\kernel.appcore.dll
0x00007ffe2c170000 - 0x00007ffe2c17a000 	C:\Program Files\Microsoft\jdk-21.0.9.10-hotspot\bin\jimage.dll
0x00007ffe2eab0000 - 0x00007ffe2ecf2000 	C:\Windows\SYSTEM32\DBGHELP.DLL
0x00007ffe32320000 - 0x00007ffe326a6000 	C:\Windows\System32\combase.dll
0x00007ffe33d40000 - 0x00007ffe33e16000 	C:\Windows\System32\OLEAUT32.dll
0x00007ffe0b200000 - 0x00007ffe0b23c000 	C:\Windows\SYSTEM32\dbgcore.DLL
0x00007ffe31d60000 - 0x00007ffe31e05000 	C:\Windows\System32\bcryptPrimitives.dll
0x00007ffe29920000 - 0x00007ffe29941000 	C:\Program Files\Microsoft\jdk-21.0.9.10-hotspot\bin\java.dll

JVMTI agents: none

dbghelp: loaded successfully - version: 4.0.5 - missing functions: none
symbol engine: initialized successfully - sym options: 0x614 - pdb path: .;C:\Program Files\Microsoft\jdk-21.0.9.10-hotspot\bin;C:\Windows\SYSTEM32;C:\Windows\WinSxS\amd64_microsoft.windows.common-controls_6595b64144ccf1df_6.0.26100.7309_none_3e05feeae336a044;C:\Program Files\Microsoft\jdk-21.0.9.10-hotspot\bin\server

VM Arguments:
jvm_args: --enable-native-access=ALL-UNNAMED 
java_command: <unknown>
java_class_path (initial): <not set>
Launcher Type: SUN_STANDARD

[Global flags]
     intx CICompilerCount                          = 4                                         {product} {ergonomic}
     uint ConcGCThreads                            = 2                                         {product} {ergonomic}
     uint G1ConcRefinementThreads                  = 8                                         {product} {ergonomic}
   size_t G1HeapRegionSize                         = 2097152                                   {product} {ergonomic}
    uintx GCDrainStackTargetSize                   = 64                                        {product} {ergonomic}
   size_t InitialHeapSize                          = 268435456                                 {product} {ergonomic}
   size_t MarkStackSize                            = 4194304                                   {product} {ergonomic}
   size_t MaxHeapSize                              = 4263510016                                {product} {ergonomic}
   size_t MinHeapDeltaBytes                        = 2097152                                   {product} {ergonomic}
   size_t MinHeapSize                              = 8388608                                   {product} {ergonomic}
    uintx NonNMethodCodeHeapSize                   = 5839372                                {pd product} {ergonomic}
    uintx NonProfiledCodeHeapSize                  = 122909434                              {pd product} {ergonomic}
    uintx ProfiledCodeHeapSize                     = 122909434                              {pd product} {ergonomic}
    uintx ReservedCodeCacheSize                    = 251658240                              {pd product} {ergonomic}
     bool SegmentedCodeCache                       = true                                      {product} {ergonomic}
   size_t SoftMaxHeapSize                          = 4263510016                             {manageable} {ergonomic}
     bool UseCompressedOops                        = true                           {product lp64_product} {ergonomic}
     bool UseG1GC                                  = true                                      {product} {ergonomic}
     bool UseLargePagesIndividualAllocation        = false                                  {pd product} {ergonomic}

Logging:
Log output configuration:
 #0: stdout all=warning uptime,level,tags foldmultilines=false
 #1: stderr all=off uptime,level,tags foldmultilines=false

Release file:
<release file has not been read>
Environment Variables:
JAVA_HOME=C:/Program Files/Microsoft/jdk-21.0.9.10-hotspot
PATH=C:\Program Files\Git\mingw64\bin;C:\Program Files\Git\usr\bin;C:\Users\hcz\bin;C:\Users\hcz\bin;C:\Program Files\Git\mingw64\bin;C:\Program Files\Git\usr\local\bin;C:\Program Files\Git\usr\bin;C:\Program Files\Git\usr\bin;C:\Program Files\Git\mingw64\bin;C:\Program Files\Git\usr\bin;C:\Users\hcz\bin;C:\Program Files\Microsoft\jdk-21.0.9.10-hotspot\bin;C:\main\APPS\VMware\bin;C:\Windows\system32;C:\Windows;C:\Windows\System32\Wbem;C:\Windows\System32\WindowsPowerShell\v1.0;C:\Windows\System32\OpenSSH;C:\Program Files\dotnet;C:\Program Files\NVIDIA Corporation\NVIDIA App\NvDLISR;C:\Program Files (x86)\NVIDIA Corporation\PhysX\Common;C:\main\APPS\node-v24.12.0-win-x64;C:\Users\hcz\.local\bin;C:\Program Files\Git\usr\bin;C:\Program Files\Git\cmd;C:\Program Files\PowerToys\DSCModules;C:\Users\hcz\AppData\Local\pnpm;C:\Users\hcz\AppData\Local\Microsoft\WindowsApps;C:\main\APPS\qoder\Qoder\bin;C:\Users\hcz\AppData\Local\Python\bin;C:\main\APPS\apache-maven-3.9.10\bin;C:\Program Files\Microsoft\jdk-21.0.9.10-hotspot\bin;C:\Program Files\MySQL\MySQL Server 8.4\bin;C:\Users\hcz\AppData\Local\Programs\Microsoft VS Code\bin;C:\main\APPS\Zed\bin;C:\Program Files\Git\usr\bin\vendor_perl;C:\Program Files\Git\usr\bin\core_perl
USERNAME=hcz
SHELL=C:\Program Files\Git\usr\bin\bash.exe
DISPLAY=needs-to-be-defined
LANG=zh_CN.UTF-8
TERM=xterm-256color
TMPDIR=C:\Users\hcz\AppData\Local\Temp
OS=Windows_NT
PROCESSOR_IDENTIFIER=Intel64 Family 6 Model 158 Stepping 10, GenuineIntel
TMP=C:\Users\hcz\AppData\Local\Temp
TEMP=C:\Users\hcz\AppData\Local\Temp




Periodic native trim disabled

---------------  S Y S T E M  ---------------

OS:
 Windows 11 , 64 bit Build 26100 (10.0.26100.7623)
OS uptime: 0 days 12:50 hours

CPU: total 8 (initial active 8) (4 cores per cpu, 2 threads per core) family 6 model 158 stepping 10 microcode 0xde, cx8, cmov, fxsr, ht, mmx, 3dnowpref, sse, sse2, sse3, ssse3, sse4.1, sse4.2, popcnt, lzcnt, tsc, tscinvbit, avx, avx2, aes, erms, clmul, bmi1, bmi2, adx, fma, vzeroupper, clflush, clflushopt, rdtscp, f16c
Processor Information for the first 8 processors :
  Max Mhz: 2400, Current Mhz: 2400, Mhz Limit: 2400

Memory: 4k page, system-wide physical 16261M (1925M free)
TotalPageFile size 65413M (AvailPageFile size 17M)
current process WorkingSet (physical memory assigned to process): 12M, peak: 12M
current process commit charge ("private bytes"): 54M, peak: 55M

vm_info: OpenJDK 64-Bit Server VM (21.0.9+10-LTS) for windows-amd64 JRE (21.0.9+10-LTS), built on 2025-10-13T22:04:36Z by "MicrosoftCorporation" with unknown MS VC++:1944

END.
